<?xml version="1.0" encoding="UTF-8"?>
<!-- Generated by org.testng.reporters.JUnitXMLReporter -->
<testsuite ignored="0" hostname="LAPTOP-O6UDEKEP" failures="0" tests="8" name="Default test" time="34.444" errors="0" timestamp="2022-06-14T22:03:14 ICT">
  <testcase classname="com.nexsoft.testng.CRUDUserBiodata" name="login" time="3.065"/>
  <testcase classname="com.nexsoft.testng.CRUDUserBiodata" name="createData" time="5.587"/>
  <testcase classname="com.nexsoft.testng.CRUDUserBiodata" name="createData" time="4.745"/>
  <testcase classname="com.nexsoft.testng.CRUDUserBiodata" name="createData" time="4.78"/>
  <testcase classname="com.nexsoft.testng.CRUDUserBiodata" name="createData" time="4.91"/>
  <testcase classname="com.nexsoft.testng.CRUDUserBiodata" name="createData" time="4.627"/>
  <testcase classname="com.nexsoft.testng.CRUDUserBiodata" name="getUsername" time="0.341"/>
  <testcase classname="com.nexsoft.testng.CRUDUserBiodata" name="getUsername2" time="0.039"/>
</testsuite> <!-- Default test -->
